1526687781505	geckodriver	INFO	geckodriver 0.20.1
1526687781521	geckodriver	INFO	Listening on 127.0.0.1:51201
1526687784580	mozrunner::runner	INFO	Running command: "C:\\Program Files\\Mozilla Firefox\\firefox.exe" "-marionette" "-profile" "C:\\Users\\myers\\AppData\\Local\\Temp\\rust_mozprofile.QSnMwKGKxpv6"
Unable to read VR Path Registry from C:\Users\myers\AppData\Local\openvr\openvrpaths.vrpath
1526687786034	Marionette	INFO	Enabled via --marionette
Unable to read VR Path Registry from C:\Users\myers\AppData\Local\openvr\openvrpaths.vrpath
Unable to read VR Path Registry from C:\Users\myers\AppData\Local\openvr\openvrpaths.vrpath
Unable to read VR Path Registry from C:\Users\myers\AppData\Local\openvr\openvrpaths.vrpath
Unable to read VR Path Registry from C:\Users\myers\AppData\Local\openvr\openvrpaths.vrpath
1526687787968	Marionette	INFO	Listening on port 51209
1526687788318	Marionette	WARN	TLS certificate errors will be ignored for this session
[Parent 5376, Gecko_IOThread] WARNING: pipe error: 109: file z:/build/build/src/ipc/chromium/src/chrome/common/ipc_channel_win.cc, line 346
[Parent 5376, Gecko_IOThread] WARNING: pipe error: 109: file z:/build/build/src/ipc/chromium/src/chrome/common/ipc_channel_win.cc, line 346
[Child 2660, Chrome_ChildThread] WARNING: pipe error: 109: file z:/build/build/src/ipc/chromium/src/chrome/common/ipc_channel_win.cc, line 346
[Child 11668, Chrome_ChildThread] WARNING: pipe error: 109: file z:/build/build/src/ipc/chromium/src/chrome/common/ipc_channel_win.cc, line 346
[Child 11668, Chrome_ChildThread] WARNING: pipe error: 109: file z:/build/build/src/ipc/chromium/src/chrome/common/ip[Parent 5376, Gecko_IOThread] WARNING: pipe error: 109: file z:/build/build/src/ipc/chromium/src/chrome/common/ipc_channel_win.cc, line 346

###!!! [Child][MessageChannel::SendAndWait] Error: Channel error: cannot send/recv

LS certificate errors will be ignored for this session
[Parent 1012, Gecko_IOThread] WARNING: pipe error: 109: file z:/build/build/src/ipc/chromium/src/chrome/common/ipc_channel_win.cc, line 346
[Parent 1012, Gecko_IOThread] WARNING: pipe error: 109: file z:/build/build/src/ipc/chromium/src/chrome/common/ipc_channel_win.cc, line 346
[Child 7436, Chrome_ChildThread] WARNING: pipe error: 109: file z:/build/build/src/ipc/chromium/src/chrome/common/ipc_channel_win.cc, line 346
[Child 7436, Chrome_C[Child 14304, Chrome_ChildThread] WARNING: pipe error: 109: file z:/build/build/src/ipc/chromium/src/chrome/common/ipc_channel_win.cc, line 346
[Child 14304, C[Parent 1012, Gecko_IOThread] WARNING: pipe error: 109: file z:/build/build/src/ipc/chromium/src/chrome/common/ipc_channel_win.cc, line 346
[Child 3216, Chrome_ChildThread] WARNING: pipe error: 109: file z:/build/build/src/ipc/chromium/src/chrome/common/ipc_channel_win.cc, line 346
[Child 3216, Chrom
###!!! [Child][MessageChannel::SendAndWait] Error: Channel error: cannot send/recv

ead] WARNING: pipe error: 109: file z:/build/build/src/ipc/chromium/src/chrome/common/ipc_channel_win.cc, line 346
[Parent 5480, Gecko_IOThread] WARNING: pipe error: 109: file z:/build/build/src/ipc/chromium/src/chrome/common/ipc_channel_win.cc, line 346
[Child 8060, Chrome_ChildThread] WARNING: pipe error: 109: file z:/build/build/src/ipc/chromium/src/chrome/common/ipc_channel_win.cc, line 346
[Child 8976, Chrome_C[ChihildThread] WARNING: pipe error: 109: file z:/build/build/src/ipc/chromium/src/chrome/common/ipc_channel_win.cc, line 346
[Child 8976, Ch[Child 7152, Chrome_ChildThread] WARNING: pipe error: 109: file z:/build/build/src/ipc/chromium/src/chrome/common/ipc_channel_win.cc, line 346
[Child 7152, Ch
###!!! [Child][MessageChannel::SendAndWait] Error: Channel error: cannot send/recv

1526691547568	geckodriver	INFO	geckodriver 0.20.1
1526691547583	geckodriver	INFO	Listening on 127.0.0.1:51524
1526691550645	mozrunner::runner	INFO	Running command: "C:\\Program Files\\Mozilla Firefox\\firefox.exe" "-marionette" "-profile" "C:\\Users\\myers\\AppData\\Local\\Temp\\rust_mozprofile.782wsb00rmj4"
Unable to read VR Path Registry from C:\Users\myers\AppData\Local\openvr\openvrpaths.vrpath
1526691551346	Marionette	INFO	Enabled via --marionette
Unable to read VR Path Registry from C:\Users\myers\AppData\Local\openvr\openvrpaths.vrpath
Unable to read VR Path Registry from C:\Users\myers\AppData\Local\openvr\openvrpaths.vrpath
Unable to read VR Path Registry from C:\Users\myers\AppData\Local\openvr\openvrpaths.vrpath
Unable to read VR Path Registry from C:\Users\myers\AppData\Local\openvr\openvrpaths.vrpath
1526691553016	Marionette	INFO	Listening on port 51532
1526691553838	Marionette	WARN	TLS certificate errors will be ignored for this session
[Parent 13440, Gecko_IOThread] WARNING: pipe error: 109: file z:/build/build/src/ipc/chromium/src/chrome/common/ipc_channel_win.cc, line 346
[Parent 13440, Gecko_IOThread] WARNING: pipe error: 109: file z:/build/build/src/ipc/chromium/src/chrome/common/ipc_channel_win.cc, line 346
[Child 11956, Chrome_ChildThread] WARNING: pipe error: 109: file z:/build/build/src/ipc/chromium/src/chrome/common/ipc_channel_win.cc, line 346
[Child 11956, Ch[Parent 13440, Gecko_IOThread] WARNING: pipe error: 109: file z:/build/build/src/ipc/chromium/src/chrome/common/ipc_channel_win.cc, line 346
[Child 5320, Chrome_ChildThread] WARNING: pipe error: 109: file z:/build/build/src/ipc/chromium/src/chrome/common/ipc_channel_win.cc, line 346
[Child 5320, Chrom*** UTM:SVC TimerManager:registerTimer called after profile-before-change notification. Ignoring timer registration for id: telemetry_modules_ping

###!!! [Child][MessageChannel::SendAndWait] Error: Channel error: cannot send/recv

1526691588463	geckodriver	INFO	geckodriver 0.20.1
1526691588479	geckodriver	INFO	Listening on 127.0.0.1:51558
1526691591523	mozrunner::runner	INFO	Running command: "C:\\Program Files\\Mozilla Firefox\\firefox.exe" "-marionette" "-profile" "C:\\Users\\myers\\AppData\\Local\\Temp\\rust_mozprofile.6x8SIJY6jBYt"
Unable to read VR Path Registry from C:\Users\myers\AppData\Local\openvr\openvrpaths.vrpath
1526691592096	Marionette	INFO	Enabled via --marionette
Unable to read VR Path Registry from C:\Users\myers\AppData\Local\openvr\openvrpaths.vrpath
Unable to read VR Path Registry from C:\Users\myers\AppData\Local\openvr\openvrpaths.vrpath
Unable to read VR Path Registry from C:\Users\myers\AppData\Local\openvr\openvrpaths.vrpath
Unable to read VR Path Registry from C:\Users\myers\AppData\Local\openvr\openvrpaths.vrpath
1526691593886	Marionette	INFO	Listening on port 51566
1526691594670	Marionette	WARN	TLS certificate errors will be ignored for this session
1526691595180	addons.xpi	WARN	Exception running bootstrap method shutdown on activity-stream@mozilla.org: [Exception... "Component returned failure code: 0x80004005 (NS_ERROR_FAILURE) [nsIObserverService.removeObserver]"  nsresult: "0x80004005 (NS_ERROR_FAILURE)"  location: "JS frame :: resource://activity-stream/lib/SnippetsFeed.jsm :: uninit :: line 125"  data: no] Stack trace: uninit()@resource://activity-stream/lib/SnippetsFeed.jsm:125 < onAction()@resource://activity-stream/lib/SnippetsFeed.jsm:141 < _middleware/</<()@resource://activity-stream/lib/Store.jsm:51 < Store/this[method]()@resource://activity-stream/lib/Store.jsm:30 < uninit()@resource://activity-stream/lib/Store.jsm:153 < uninit()@resource://activity-stream/lib/ActivityStream.jsm:274 < uninit()@resource://gre/modules/addons/XPIProvider.jsm -> jar:file:///C:/Program%20Files/Mozilla%20Firefox/browser/features/activity-stream@mozilla.org.xpi!/bootstrap.js:80 < shutdown()@resource://gre/modules/addons/XPIProvider.jsm -> jar:file:///C:/Program%20Files/Mozilla%20Firefox/browser/features/activity-stream@mozilla.org.xpi!/bootstrap.js:196 < callBootstrapMethod()@resource://gre/modules/addons/XPIProvider.jsm:4419 < observe()@resource://gre/modules/addons/XPIProvider.jsm:2279 < GeckoDriver.prototype.quit()@driver.js:3270 < despatch()@server.js:557 < execute()@server.js:531 < onPacket/<()@server.js:506 < onPacket()@server.js:505 < _onJSONObjectReady/<()@transport.js:500
[Parent 2996, Gecko_IOThread] WARNING: pipe error: 109: file z:/build/build/src/ipc/chromium/src/chrome/common/ipc_channel_win.cc, line 346
[Child 5480, Chrome_ChildThread] WARNING: pipe error: 109: file z:/build/build/src/ipc/chromium/src/chrome/common/ipc_channel_win.cc, line 346
[Child 5480, Chro[Parent 2996, Gecko_IOThread] WARNING: pipe error: 109: file z:/build/build/src/ipc/chromium/src/chrome/common/ipc_channel_win.cc, line 346
[Child 7088, Chrome_ChildThread] WARNING: pipe error: 109: file z:/build/build/src/ipc/chromium/src/chrome/common/ipc_channel_win.cc, line 346
[Child 7088, Chrome_ChildThr[Child 11832, Chrome_ChildThread] WARNING: pipe error: 109: file z:/build/build/src/ipc/chromium/src/chrome/common/ipc_channel_win.cc, line 346
[Child 11832, Chrome*** UTM:SVC TimerManager:registerTimer called after profile-before-change notification. Ignoring timer registration for id: telemetry_modules_ping

###!!! [Child][MessageChannel::SendAndWait] Error: Channel error: cannot send/recv

1526951819958	geckodriver	INFO	geckodriver 0.20.1
1526951819974	geckodriver	INFO	Listening on 127.0.0.1:56779
1526951823088	mozrunner::runner	INFO	Running command: "C:\\Program Files\\Mozilla Firefox\\firefox.exe" "-marionette" "-profile" "C:\\Users\\myers\\AppData\\Local\\Temp\\rust_mozprofile.h3L31d5a8hdR"
Unable to read VR Path Registry from C:\Users\myers\AppData\Local\openvr\openvrpaths.vrpath
1526951824658	Marionette	INFO	Enabled via --marionette
Unable to read VR Path Registry from C:\Users\myers\AppData\Local\openvr\openvrpaths.vrpath
Unable to read VR Path Registry from C:\Users\myers\AppData\Local\openvr\openvrpaths.vrpath
Unable to read VR Path Registry from C:\Users\myers\AppData\Local\openvr\openvrpaths.vrpath
Unable to read VR Path Registry from C:\Users\myers\AppData\Local\openvr\openvrpaths.vrpath
1526951826948	Marionette	INFO	Listening on port 56787
1526951827302	Marionette	WARN	TLS certificate errors will be ignored for this session
1526951829614	addons.xpi	WARN	Exception running bootstrap method shutdown on activity-stream@mozilla.org: [Exception... "Component returned failure code: 0x80004005 (NS_ERROR_FAILURE) [nsIObserverService.removeObserver]"  nsresult: "0x80004005 (NS_ERROR_FAILURE)"  location: "JS frame :: resource://activity-stream/lib/SnippetsFeed.jsm :: uninit :: line 125"  data: no] Stack trace: uninit()@resource://activity-stream/lib/SnippetsFeed.jsm:125 < onAction()@resource://activity-stream/lib/SnippetsFeed.jsm:141 < _middleware/</<()@resource://activity-stream/lib/Store.jsm:51 < Store/this[method]()@resource://activity-stream/lib/Store.jsm:30 < uninit()@resource://activity-stream/lib/Store.jsm:153 < uninit()@resource://activity-stream/lib/ActivityStream.jsm:274 < uninit()@resource://gre/modules/addons/XPIProvider.jsm -> jar:file:///C:/Program%20Files/Mozilla%20Firefox/browser/features/activity-stream@mozilla.org.xpi!/bootstrap.js:80 < shutdown()@resource://gre/modules/addons/XPIProvider.jsm -> jar:file:///C:/Program%20Files/Mozilla%20Firefox/browser/features/activity-stream@mozilla.org.xpi!/bootstrap.js:196 < callBootstrapMethod()@resource://gre/modules/addons/XPIProvider.jsm:4419 < observe()@resource://gre/modules/addons/XPIProvider.jsm:2279 < GeckoDriver.prototype.quit()@driver.js:3270 < despatch()@server.js:557 < execute()@server.js:531 < onPacket/<()@server.js:506 < onPacket()@server.js:505 < _onJSONObjectReady/<()@transport.js:500
[Parent 11920, Gecko_IOThread] WARNING: pipe error: 109: file z:/build/build/src/ipc/chromium/src/chrome/common/ipc_channel_win.cc, line 346
[Child 16320, Chrome_ChildThread] WARNING: pipe error: 109: file z:/build/build/src/ipc/chromium/src/chrome/common/ipc_channel_win.cc, line 346
[Child 16320, Chrome_CIPDL protocol error: Handler returned error code!

###!!! [Parent][DispatchAsyncMessage] Error: PLayerTransaction::Msg_ReleaseLayer Processing error: message was deserialized, but the handler returned false (indicating failure)

IPDL protocol error: Handler returned error code!

###!!! [Parent][DispatchAsyncMessage] Error: PLayerTransaction::Msg_ReleaseLayer Processing error: message was deserialized, but the handler returned false (indicating failure)

IPDL protocol error: Handler returned error code!

###!!! [Parent][DispatchAsyncMessage] Error: PLayerTransaction::Msg_ReleaseLayer Processing error: message was deserialized, but the handler returned false (indicating failure)

IPDL protocol error: Handler returned error code!

###!!! [Parent][DispatchAsyncMessage] Error: PLayerTransaction::Msg_ReleaseLayer Processing error: message was deserialized, but the handler returned false (indicating failure)

[Child 15404, Chrome_ChildThread] WARNING: pipe error: 109: file z:/build/build/src/ipc/chromium/src/chrome/common/ipc_channel_win.cc, line 346
[Child 15404, Chrome_[Parent 11920, Gecko_IOThread] WARNING: pipe error: 109: file z:/build/build/src/ipc/chromium/src/chrome/common/ipc_channel_win.cc, line 346
[Child 1284, Chrome_ChildThread] WARNING: pipe error: 109: file z:/build/build/src/ipc/chromium/src/chrome/common/ipc_channel_win.cc, line 346
[Child 1284, Chrome_C*** UTM:SVC TimerManager:registerTimer called after profile-before-change notification. Ignoring timer registration for id: telemetry_modules_ping

###!!! [Child][MessageChannel::SendAndWait] Error: Channel error: cannot send/recv

1526951866925	geckodriver	INFO	geckodriver 0.20.1
1526951866925	geckodriver	INFO	Listening on 127.0.0.1:56818
1526951870020	mozrunner::runner	INFO	Running command: "C:\\Program Files\\Mozilla Firefox\\firefox.exe" "-marionette" "-profile" "C:\\Users\\myers\\AppData\\Local\\Temp\\rust_mozprofile.je3E4kZKbh2i"
Unable to read VR Path Registry from C:\Users\myers\AppData\Local\openvr\openvrpaths.vrpath
1526951870630	Marionette	INFO	Enabled via --marionette
Unable to read VR Path Registry from C:\Users\myers\AppData\Local\openvr\openvrpaths.vrpath
Unable to read VR Path Registry from C:\Users\myers\AppData\Local\openvr\openvrpaths.vrpath
Unable to read VR Path Registry from C:\Users\myers\AppData\Local\openvr\openvrpaths.vrpath
Unable to read VR Path Registry from C:\Users\myers\AppData\Local\openvr\openvrpaths.vrpath
1526951872450	Marionette	INFO	Listening on port 56826
1526951873238	Marionette	WARN	TLS certificate errors will be ignored for this session
1526951873834	addons.xpi	WARN	Exception running bootstrap method shutdown on activity-stream@mozilla.org: [Exception... "Component returned failure code: 0x80004005 (NS_ERROR_FAILURE) [nsIObserverService.removeObserver]"  nsresult: "0x80004005 (NS_ERROR_FAILURE)"  location: "JS frame :: resource://activity-stream/lib/SnippetsFeed.jsm :: uninit :: line 125"  data: no] Stack trace: uninit()@resource://activity-stream/lib/SnippetsFeed.jsm:125 < onAction()@resource://activity-stream/lib/SnippetsFeed.jsm:141 < _middleware/</<()@resource://activity-stream/lib/Store.jsm:51 < Store/this[method]()@resource://activity-stream/lib/Store.jsm:30 < uninit()@resource://activity-stream/lib/Store.jsm:153 < uninit()@resource://activity-stream/lib/ActivityStream.jsm:274 < uninit()@resource://gre/modules/addons/XPIProvider.jsm -> jar:file:///C:/Program%20Files/Mozilla%20Firefox/browser/features/activity-stream@mozilla.org.xpi!/bootstrap.js:80 < shutdown()@resource://gre/modules/addons/XPIProvider.jsm -> jar:file:///C:/Program%20Files/Mozilla%20Firefox/browser/features/activity-stream@mozilla.org.xpi!/bootstrap.js:196 < callBootstrapMethod()@resource://gre/modules/addons/XPIProvider.jsm:4419 < observe()@resource://gre/modules/addons/XPIProvider.jsm:2279 < GeckoDriver.prototype.quit()@driver.js:3270 < despatch()@server.js:557 < execute()@server.js:531 < onPacket/<()@server.js:506 < onPacket()@server.js:505 < _onJSONObjectReady/<()@transport.js:500
[Child 7936, Chrome_ChildThread] WARNING: pipe error: 109: file z:/build/build/src/ipc/chromium/src/chrome/common/ipc_channel_win.cc, line 346
[Child 7936, Chrome_ChildThre[Parent 8168, Gecko_IOThread] WARNING: pipe error: 109: file z:/build/build/src/ipc/chromium/src/chrome/common/ipc_channel_win.cc, line 346
[Child 10108, Chrome_ChildThread] WARNING: pipe error: 109: file z:/build/build/src/ipc/chromium/src/chrome/common/ipc_channel_win.cc, line 346
[Child 10108, Chrome_ChildThread] WARNI[Parent 8168, Gecko_IOThread] WARNING: pipe error: 109: file z:/build/build/src/ipc/chromium/src/chrome/common/ipc_channel_win.cc, line 346
[Child 6016, Chrome_ChildThread] WARNING: pipe error: 109: file z:/build/build/src/ipc/chromium/src/chrome/common/ipc_channel_win.cc, line 346
[Child 6016, Chrom*** UTM:SVC TimerManager:registerTimer called after profile-before-change notification. Ignoring timer registration for id: telemetry_modules_ping

###!!! [Child][MessageChannel::SendAndWait] Error: Channel error: cannot send/recv

1526952281613	geckodriver	INFO	geckodriver 0.20.1
1526952281613	geckodriver	INFO	Listening on 127.0.0.1:56863
1526952284683	mozrunner::runner	INFO	Running command: "C:\\Program Files\\Mozilla Firefox\\firefox.exe" "-marionette" "-profile" "C:\\Users\\myers\\AppData\\Local\\Temp\\rust_mozprofile.Ia6U25M3XHd5"
Unable to read VR Path Registry from C:\Users\myers\AppData\Local\openvr\openvrpaths.vrpath
1526952285286	Marionette	INFO	Enabled via --marionette
Unable to read VR Path Registry from C:\Users\myers\AppData\Local\openvr\openvrpaths.vrpath
Unable to read VR Path Registry from C:\Users\myers\AppData\Local\openvr\openvrpaths.vrpath
Unable to read VR Path Registry from C:\Users\myers\AppData\Local\openvr\openvrpaths.vrpath
Unable to read VR Path Registry from C:\Users\myers\AppData\Local\openvr\openvrpaths.vrpath
1526952287032	Marionette	INFO	Listening on port 56871
1526952287844	Marionette	WARN	TLS certificate errors will be ignored for this session
1526952288356	addons.xpi	WARN	Exception running bootstrap method shutdown on activity-stream@mozilla.org: [Exception... "Component returned failure code: 0x80004005 (NS_ERROR_FAILURE) [nsIObserverService.removeObserver]"  nsresult: "0x80004005 (NS_ERROR_FAILURE)"  location: "JS frame :: resource://activity-stream/lib/SnippetsFeed.jsm :: uninit :: line 125"  data: no] Stack trace: uninit()@resource://activity-stream/lib/SnippetsFeed.jsm:125 < onAction()@resource://activity-stream/lib/SnippetsFeed.jsm:141 < _middleware/</<()@resource://activity-stream/lib/Store.jsm:51 < Store/this[method]()@resource://activity-stream/lib/Store.jsm:30 < uninit()@resource://activity-stream/lib/Store.jsm:153 < uninit()@resource://activity-stream/lib/ActivityStream.jsm:274 < uninit()@resource://gre/modules/addons/XPIProvider.jsm -> jar:file:///C:/Program%20Files/Mozilla%20Firefox/browser/features/activity-stream@mozilla.org.xpi!/bootstrap.js:80 < shutdown()@resource://gre/modules/addons/XPIProvider.jsm -> jar:file:///C:/Program%20Files/Mozilla%20Firefox/browser/features/activity-stream@mozilla.org.xpi!/bootstrap.js:196 < callBootstrapMethod()@resource://gre/modules/addons/XPIProvider.jsm:4419 < observe()@resource://gre/modules/addons/XPIProvider.jsm:2279 < GeckoDriver.prototype.quit()@driver.js:3270 < despatch()@server.js:557 < execute()@server.js:531 < onPacket/<()@server.js:506 < onPacket()@server.js:505 < _onJSONObjectReady/<()@transport.js:500
[Child 10688, Chrome_ChildThread] WARNING: pipe error: 109: file z:/build/build/src/ipc/chromium/src/chrome/common/ipc_channel_win.cc, line 346
[Child 10688, Ch[Parent 9808, Gecko_IOThread] WARNING: pipe error: 109: file z:/build/build/src/ipc/chromium/src/chrome/common/ipc_channel_win.cc, line 346
[Child 8176, Chrome_ChildThread] WARNING: pipe error: 109: file z:/build/build/src/ipc/chromium/src/chrome/common/ipc_channel_win.cc, line 346
[Parent 9808, Gecko_IOThread] WARNING: pipe error: 109: file z:/build/build/src/ipc/chromium/src/chrome/common/ipc_channel_win.cc, line 346
[Child 15680, Chrome_ChildThread] WARNING: pipe error: 109: file z:/build/build/src/ipc/chromium/src/chrome/common/ipc_channel_win.cc, line 346
[Child 15680, Chrome_Ch*** UTM:SVC TimerManager:registerTimer called after profile-before-change notification. Ignoring timer registration for id: telemetry_modules_ping

###!!! [Child][MessageChannel::SendAndWait] Error: Channel error: cannot send/recv

1526953072377	geckodriver	INFO	geckodriver 0.20.1
1526953072393	geckodriver	INFO	Listening on 127.0.0.1:56912
1526953075467	mozrunner::runner	INFO	Running command: "C:\\Program Files\\Mozilla Firefox\\firefox.exe" "-marionette" "-profile" "C:\\Users\\myers\\AppData\\Local\\Temp\\rust_mozprofile.GZVAxMb0ATh9"
Unable to read VR Path Registry from C:\Users\myers\AppData\Local\openvr\openvrpaths.vrpath
1526953076058	Marionette	INFO	Enabled via --marionette
Unable to read VR Path Registry from C:\Users\myers\AppData\Local\openvr\openvrpaths.vrpath
Unable to read VR Path Registry from C:\Users\myers\AppData\Local\openvr\openvrpaths.vrpath
Unable to read VR Path Registry from C:\Users\myers\AppData\Local\openvr\openvrpaths.vrpath
Unable to read VR Path Registry from C:\Users\myers\AppData\Local\openvr\openvrpaths.vrpath
1526953077848	Marionette	INFO	Listening on port 56920
1526953078630	Marionette	WARN	TLS certificate errors will be ignored for this session
1526953079154	addons.xpi	WARN	Exception running bootstrap method shutdown on activity-stream@mozilla.org: [Exception... "Component returned failure code: 0x80004005 (NS_ERROR_FAILURE) [nsIObserverService.removeObserver]"  nsresult: "0x80004005 (NS_ERROR_FAILURE)"  location: "JS frame :: resource://activity-stream/lib/SnippetsFeed.jsm :: uninit :: line 125"  data: no] Stack trace: uninit()@resource://activity-stream/lib/SnippetsFeed.jsm:125 < onAction()@resource://activity-stream/lib/SnippetsFeed.jsm:141 < _middleware/</<()@resource://activity-stream/lib/Store.jsm:51 < Store/this[method]()@resource://activity-stream/lib/Store.jsm:30 < uninit()@resource://activity-stream/lib/Store.jsm:153 < uninit()@resource://activity-stream/lib/ActivityStream.jsm:274 < uninit()@resource://gre/modules/addons/XPIProvider.jsm -> jar:file:///C:/Program%20Files/Mozilla%20Firefox/browser/features/activity-stream@mozilla.org.xpi!/bootstrap.js:80 < shutdown()@resource://gre/modules/addons/XPIProvider.jsm -> jar:file:///C:/Program%20Files/Mozilla%20Firefox/browser/features/activity-stream@mozilla.org.xpi!/bootstrap.js:196 < callBootstrapMethod()@resource://gre/modules/addons/XPIProvider.jsm:4419 < observe()@resource://gre/modules/addons/XPIProvider.jsm:2279 < GeckoDriver.prototype.quit()@driver.js:3270 < despatch()@server.js:557 < execute()@server.js:531 < onPacket/<()@server.js:506 < onPacket()@server.js:505 < _onJSONObjectReady/<()@transport.js:500
[Child 532, Chrome_ChildThread] WARNING: pipe error: 109: file z:/build/build/src/ipc/chromium/src/chrome/common/ipc_channel_win.cc, line 346
[Child 532, Chrome_ChildT[Parent 672, Gecko_IOThread] WARNING: pipe error: 109: file z:/build/build/src/ipc/chromium/src/chrome/common/ipc_channel_win.cc, line 346
[Child 3276, Chrome_ChildThread] WARNING: pipe error: 109: file z:/build/build/src/ipc/chromium/src/chrome/common/ipc_channel_win.cc, line 346
[Child 3276, Chrome_ChildThr[Parent 672, Gecko_IOThread] WARNING: pipe error: 109: file z:/build/build/src/ipc/chromium/src/chrome/common/ipc_channel_win.cc, line 346
[Child 13692, Chrome_ChildThread] WARNING: pipe error: 109: file z:/build/build/src/ipc/chromium/src/chrome/common/ipc_channel_win.cc, line 346
[Child 13692, Chrome_Ch*** UTM:SVC TimerManager:registerTimer called after profile-before-change notification. Ignoring timer registration for id: telemetry_modules_ping

###!!! [Child][MessageChannel::SendAndWait] Error: Channel error: cannot send/recv

